{"uid":"9383919cf96845dc","name":"negativeAddCustomerTest","fullName":"tests.AddCustomerTest.negativeAddCustomerTest","historyId":"9d6b487ae91daf866e5e66d930947c2a","time":{"start":1743424323927,"stop":1743424327467,"duration":3540},"description":"Проверка, что система не позволяет создать клиента с невалидными данными.","descriptionHtml":"<p>Проверка, что система не позволяет создать клиента с невалидными данными.</p>\n","status":"passed","flaky":false,"newFailed":false,"newBroken":false,"newPassed":false,"retriesCount":0,"retriesStatusChange":false,"beforeStages":[{"name":"initBeforeClass","time":{"start":1743424318619,"stop":1743424318646,"duration":27},"description":"","status":"passed","steps":[],"attachments":[],"parameters":[],"shouldDisplayMessage":false,"stepsCount":0,"attachmentsCount":0,"hasContent":false},{"name":"initBeforeMethod","time":{"start":1743424323913,"stop":1743424323924,"duration":11},"description":"","status":"passed","steps":[],"attachments":[],"parameters":[],"shouldDisplayMessage":false,"stepsCount":0,"attachmentsCount":0,"hasContent":false}],"testStage":{"description":"Проверка, что система не позволяет создать клиента с невалидными данными.","status":"passed","steps":[{"name":"Заполнение полей формы","time":{"start":1743424323927,"stop":1743424324077,"duration":150},"status":"passed","steps":[],"attachments":[],"parameters":[{"name":"postCode","value":""},{"name":"firstName","value":""},{"name":"lastName","value":""}],"shouldDisplayMessage":false,"stepsCount":0,"attachmentsCount":0,"hasContent":true},{"name":"Подтверждение заполнения формы","time":{"start":1743424324077,"stop":1743424324135,"duration":58},"status":"passed","steps":[],"attachments":[],"parameters":[],"shouldDisplayMessage":false,"stepsCount":0,"attachmentsCount":0,"hasContent":false},{"name":"Получение текста уведомления","time":{"start":1743424324135,"stop":1743424327467,"duration":3332},"status":"failed","statusMessage":"Alert not found\nScreenshot: file:/home/runner/work/practicum/practicum/build/reports/tests/1743424327328.0.png\nPage source: file:/home/runner/work/practicum/practicum/build/reports/tests/1743424327328.0.html\nTimeout: 3 s.\nCaused by: TimeoutException: Expected condition failed: waiting for alert to be present (tried for 3 second(s) with 200 milliseconds interval)","statusTrace":"Alert not found\nScreenshot: file:/home/runner/work/practicum/practicum/build/reports/tests/1743424327328.0.png\nPage source: file:/home/runner/work/practicum/practicum/build/reports/tests/1743424327328.0.html\nTimeout: 3 s.\nCaused by: TimeoutException: Expected condition failed: waiting for alert to be present (tried for 3 second(s) with 200 milliseconds interval)\n\tat com.codeborne.selenide.SelenideTargetLocator.alertNotFoundError(SelenideTargetLocator.java:308)\n\tat com.codeborne.selenide.SelenideTargetLocator.alert(SelenideTargetLocator.java:182)\n\tat com.codeborne.selenide.SelenideTargetLocator.alert(SelenideTargetLocator.java:172)\n\tat helpers.AlertHandler.getAlertText(AlertHandler.java:14)\n\tat tests.AddCustomerTest.negativeAddCustomerTest(AddCustomerTest.java:72)\n\tat java.base/jdk.internal.reflect.NativeMethodAccessorImpl.invoke0(Native Method)\n\tat java.base/jdk.internal.reflect.NativeMethodAccessorImpl.invoke(NativeMethodAccessorImpl.java:77)\n\tat java.base/jdk.internal.reflect.DelegatingMethodAccessorImpl.invoke(DelegatingMethodAccessorImpl.java:43)\n\tat java.base/java.lang.reflect.Method.invoke(Method.java:569)\n\tat org.testng.internal.invokers.MethodInvocationHelper.invokeMethod(MethodInvocationHelper.java:141)\n\tat org.testng.internal.invokers.TestInvoker.invokeMethod(TestInvoker.java:687)\n\tat org.testng.internal.invokers.TestInvoker.invokeTestMethod(TestInvoker.java:230)\n\tat org.testng.internal.invokers.MethodRunner.runInSequence(MethodRunner.java:63)\n\tat org.testng.internal.invokers.TestInvoker$MethodInvocationAgent.invoke(TestInvoker.java:995)\n\tat org.testng.internal.invokers.TestInvoker.invokeTestMethods(TestInvoker.java:203)\n\tat org.testng.internal.invokers.TestMethodWorker.invokeTestMethods(TestMethodWorker.java:154)\n\tat org.testng.internal.invokers.TestMethodWorker.run(TestMethodWorker.java:134)\n\tat java.base/java.util.concurrent.Executors$RunnableAdapter.call(Executors.java:539)\n\tat java.base/java.util.concurrent.FutureTask.run(FutureTask.java:264)\n\tat org.testng.internal.thread.graph.TestNGFutureTask.run(TestNGFutureTask.java:22)\n\tat java.base/java.util.concurrent.ThreadPoolExecutor.runWorker(ThreadPoolExecutor.java:1136)\n\tat java.base/java.util.concurrent.ThreadPoolExecutor$Worker.run(ThreadPoolExecutor.java:635)\n\tat java.base/java.lang.Thread.run(Thread.java:840)\nCaused by: org.openqa.selenium.TimeoutException: Expected condition failed: waiting for alert to be present (tried for 3 second(s) with 200 milliseconds interval)\nBuild info: version: '4.29.0', revision: '5fc1ec94cb'\nSystem info: os.name: 'Linux', os.arch: 'amd64', os.version: '6.8.0-1021-azure', java.version: '17.0.14'\nDriver info: driver.version: unknown\n\tat org.openqa.selenium.support.ui.FluentWait.timeoutException(FluentWait.java:265)\n\tat org.openqa.selenium.support.ui.FluentWait.until(FluentWait.java:228)\n\tat com.codeborne.selenide.SelenideTargetLocator.alert(SelenideTargetLocator.java:179)\n\t... 21 more\n","steps":[],"attachments":[],"parameters":[],"shouldDisplayMessage":true,"stepsCount":0,"attachmentsCount":0,"hasContent":true}],"attachments":[],"parameters":[],"shouldDisplayMessage":false,"stepsCount":3,"attachmentsCount":0,"hasContent":true},"afterStages":[{"name":"tearDown","time":{"start":1743424327469,"stop":1743424327523,"duration":54},"description":"","status":"passed","steps":[],"attachments":[],"parameters":[],"shouldDisplayMessage":false,"stepsCount":0,"attachmentsCount":0,"hasContent":false}],"labels":[{"name":"package","value":"tests.AddCustomerTest"},{"name":"testClass","value":"tests.AddCustomerTest"},{"name":"testMethod","value":"negativeAddCustomerTest"},{"name":"parentSuite","value":"autoTests"},{"name":"suite","value":"Tests"},{"name":"subSuite","value":"tests.AddCustomerTest"},{"name":"host","value":"fv-az1319-220"},{"name":"thread","value":"2627@fv-az1319-220.TestNG-test-Tests-1(20)"},{"name":"framework","value":"testng"},{"name":"language","value":"java"},{"name":"story","value":"Создание нового клиента с некорректными данными"},{"name":"feature","value":"Создание клиента"},{"name":"epic","value":"Управление клиентами"},{"name":"resultFormat","value":"allure2"}],"parameters":[],"links":[],"hidden":false,"retry":false,"extra":{"severity":"normal","retries":[],"categories":[],"history":{"statistic":{"failed":0,"broken":0,"skipped":0,"passed":4,"unknown":0,"total":4},"items":[{"uid":"12319c719526ff41","reportUrl":"https://Sheal354.github.io/practicum/4//#testresult/12319c719526ff41","status":"passed","time":{"start":1743424150131,"stop":1743424153624,"duration":3493}},{"uid":"1e482420ca955ae","reportUrl":"https://Sheal354.github.io/practicum/3//#testresult/1e482420ca955ae","status":"passed","time":{"start":1743423420764,"stop":1743423424279,"duration":3515}},{"uid":"2912f07581985ea5","reportUrl":"https://Sheal354.github.io/practicum/3//#testresult/2912f07581985ea5","status":"passed","time":{"start":1743421301376,"stop":1743421304921,"duration":3545}}]},"tags":[]},"source":"9383919cf96845dc.json","parameterValues":[]}