{"uid":"214fc606932e2736","name":"Negative Add Customer Test","fullName":"tests.AddCustomerTest.negativeAddCustomerTest","historyId":"b8eeb13a011d458c76e67dcc198541e6","time":{"start":1743431745462,"stop":1743431749006,"duration":3544},"description":"Проверка, что система не позволяет создать клиента с невалидными данными.","descriptionHtml":"<p>Проверка, что система не позволяет создать клиента с невалидными данными.</p>\n","status":"passed","flaky":false,"newFailed":false,"newBroken":false,"newPassed":false,"retriesCount":0,"retriesStatusChange":false,"beforeStages":[{"name":"initBeforeClass","time":{"start":1743431739836,"stop":1743431739853,"duration":17},"description":"","status":"passed","steps":[],"attachments":[],"parameters":[],"shouldDisplayMessage":false,"stepsCount":0,"attachmentsCount":0,"hasContent":false},{"name":"initBeforeMethod","time":{"start":1743431745447,"stop":1743431745459,"duration":12},"description":"","status":"passed","steps":[],"attachments":[],"parameters":[],"shouldDisplayMessage":false,"stepsCount":0,"attachmentsCount":0,"hasContent":false}],"testStage":{"description":"Проверка, что система не позволяет создать клиента с невалидными данными.","status":"passed","steps":[{"name":"Заполнение полей формы","time":{"start":1743431745462,"stop":1743431745619,"duration":157},"status":"passed","steps":[],"attachments":[],"parameters":[{"name":"postCode","value":""},{"name":"firstName","value":""},{"name":"lastName","value":""}],"shouldDisplayMessage":false,"stepsCount":0,"attachmentsCount":0,"hasContent":true},{"name":"Подтверждение заполнения формы","time":{"start":1743431745619,"stop":1743431745681,"duration":62},"status":"passed","steps":[],"attachments":[],"parameters":[],"shouldDisplayMessage":false,"stepsCount":0,"attachmentsCount":0,"hasContent":false},{"name":"Получение текста уведомления","time":{"start":1743431745682,"stop":1743431749006,"duration":3324},"status":"failed","statusMessage":"Alert not found\nScreenshot: file:/home/runner/work/practicum/practicum/build/reports/tests/1743431748867.0.png\nPage source: file:/home/runner/work/practicum/practicum/build/reports/tests/1743431748867.0.html\nTimeout: 3 s.\nCaused by: TimeoutException: Expected condition failed: waiting for alert to be present (tried for 3 second(s) with 200 milliseconds interval)","statusTrace":"Alert not found\nScreenshot: file:/home/runner/work/practicum/practicum/build/reports/tests/1743431748867.0.png\nPage source: file:/home/runner/work/practicum/practicum/build/reports/tests/1743431748867.0.html\nTimeout: 3 s.\nCaused by: TimeoutException: Expected condition failed: waiting for alert to be present (tried for 3 second(s) with 200 milliseconds interval)\n\tat com.codeborne.selenide.SelenideTargetLocator.alertNotFoundError(SelenideTargetLocator.java:308)\n\tat com.codeborne.selenide.SelenideTargetLocator.alert(SelenideTargetLocator.java:182)\n\tat com.codeborne.selenide.SelenideTargetLocator.alert(SelenideTargetLocator.java:172)\n\tat helpers.AlertHandler.getAlertText(AlertHandler.java:14)\n\tat tests.AddCustomerTest.negativeAddCustomerTest(AddCustomerTest.java:74)\n\tat java.base/jdk.internal.reflect.NativeMethodAccessorImpl.invoke0(Native Method)\n\tat java.base/jdk.internal.reflect.NativeMethodAccessorImpl.invoke(NativeMethodAccessorImpl.java:77)\n\tat java.base/jdk.internal.reflect.DelegatingMethodAccessorImpl.invoke(DelegatingMethodAccessorImpl.java:43)\n\tat java.base/java.lang.reflect.Method.invoke(Method.java:569)\n\tat org.testng.internal.invokers.MethodInvocationHelper.invokeMethod(MethodInvocationHelper.java:141)\n\tat org.testng.internal.invokers.TestInvoker.invokeMethod(TestInvoker.java:687)\n\tat org.testng.internal.invokers.TestInvoker.invokeTestMethod(TestInvoker.java:230)\n\tat org.testng.internal.invokers.MethodRunner.runInSequence(MethodRunner.java:63)\n\tat org.testng.internal.invokers.TestInvoker$MethodInvocationAgent.invoke(TestInvoker.java:995)\n\tat org.testng.internal.invokers.TestInvoker.invokeTestMethods(TestInvoker.java:203)\n\tat org.testng.internal.invokers.TestMethodWorker.invokeTestMethods(TestMethodWorker.java:154)\n\tat org.testng.internal.invokers.TestMethodWorker.run(TestMethodWorker.java:134)\n\tat java.base/java.util.concurrent.Executors$RunnableAdapter.call(Executors.java:539)\n\tat java.base/java.util.concurrent.FutureTask.run(FutureTask.java:264)\n\tat org.testng.internal.thread.graph.TestNGFutureTask.run(TestNGFutureTask.java:22)\n\tat java.base/java.util.concurrent.ThreadPoolExecutor.runWorker(ThreadPoolExecutor.java:1136)\n\tat java.base/java.util.concurrent.ThreadPoolExecutor$Worker.run(ThreadPoolExecutor.java:635)\n\tat java.base/java.lang.Thread.run(Thread.java:840)\nCaused by: org.openqa.selenium.TimeoutException: Expected condition failed: waiting for alert to be present (tried for 3 second(s) with 200 milliseconds interval)\nBuild info: version: '4.29.0', revision: '5fc1ec94cb'\nSystem info: os.name: 'Linux', os.arch: 'amd64', os.version: '6.8.0-1021-azure', java.version: '17.0.14'\nDriver info: driver.version: unknown\n\tat org.openqa.selenium.support.ui.FluentWait.timeoutException(FluentWait.java:265)\n\tat org.openqa.selenium.support.ui.FluentWait.until(FluentWait.java:228)\n\tat com.codeborne.selenide.SelenideTargetLocator.alert(SelenideTargetLocator.java:179)\n\t... 21 more\n","steps":[],"attachments":[],"parameters":[],"shouldDisplayMessage":true,"stepsCount":0,"attachmentsCount":0,"hasContent":true}],"attachments":[],"parameters":[],"shouldDisplayMessage":false,"stepsCount":3,"attachmentsCount":0,"hasContent":true},"afterStages":[{"name":"tearDown","time":{"start":1743431749007,"stop":1743431749065,"duration":58},"description":"","status":"passed","steps":[],"attachments":[],"parameters":[],"shouldDisplayMessage":false,"stepsCount":0,"attachmentsCount":0,"hasContent":false}],"labels":[{"name":"package","value":"tests.AddCustomerTest"},{"name":"testClass","value":"tests.AddCustomerTest"},{"name":"testMethod","value":"negativeAddCustomerTest"},{"name":"parentSuite","value":"autoTests"},{"name":"suite","value":"Tests"},{"name":"subSuite","value":"tests.AddCustomerTest"},{"name":"host","value":"fv-az1074-472"},{"name":"thread","value":"2587@fv-az1074-472.TestNG-test-Tests-1(20)"},{"name":"framework","value":"testng"},{"name":"language","value":"java"},{"name":"story","value":"Создание нового клиента с некорректными данными"},{"name":"epic","value":"Управление клиентами"},{"name":"feature","value":"Создание клиента"},{"name":"resultFormat","value":"allure2"}],"parameters":[{"name":"numberOfDataSets","value":"3"}],"links":[],"hidden":false,"retry":false,"extra":{"severity":"normal","retries":[],"categories":[],"history":{"statistic":{"failed":0,"broken":0,"skipped":0,"passed":2,"unknown":0,"total":2},"items":[{"uid":"1046010b8a227b60","reportUrl":"https://Sheal354.github.io/practicum/11//#testresult/1046010b8a227b60","status":"passed","time":{"start":1743431391524,"stop":1743431395068,"duration":3544}}]},"tags":[]},"source":"214fc606932e2736.json","parameterValues":["3"]}